<?xml version="1.0" encoding="UTF-8"?>
<!-- Generated by org.testng.reporters.JUnitReportReporter -->
<testsuite hostname="CPC-AP-1QY2UNB9" failures="0" tests="1" name="arithmeticPrograms.FibonacciSeries" time="0.009" errors="0" timestamp="2025-03-07T12:29:03 IST" skipped="0">
  <testcase classname="arithmeticPrograms.FibonacciSeries" name="Test" time="0.009"/>
</testsuite> <!-- arithmeticPrograms.FibonacciSeries -->
